<?xml version="1.0" encoding="UTF-8"?>
<!-- Generated by org.testng.reporters.JUnitReportReporter -->
<testsuite hostname="DESKTOP-G8BQMC1" failures="0" tests="4" name="runner.CucumberRunnerTest" time="28.138" errors="0" timestamp="2022-07-19T19:24:29 WIB" skipped="0">
  <testcase classname="runner.CucumberRunnerTest" name="runScenario" time="4.173"/>
  <system-out/>
  <testcase classname="runner.CucumberRunnerTest" name="runScenario" time="8.348"/>
  <system-out/>
  <testcase classname="runner.CucumberRunnerTest" name="runScenario" time="7.126"/>
  <system-out/>
  <testcase classname="runner.CucumberRunnerTest" name="runScenario" time="8.491"/>
  <system-out/>
</testsuite> <!-- runner.CucumberRunnerTest -->
