<?xml version="1.0" encoding="UTF-8"?>
<!-- Generated by org.testng.reporters.JUnitReportReporter -->
<testsuite hostname="DESKTOP-G8BQMC1" failures="0" tests="2" name="runner.MasterRunnerTest" time="19.727" errors="0" timestamp="2022-07-19T21:41:41 WIB" skipped="0">
  <testcase classname="runner.MasterRunnerTest" name="runScenario" time="14.805"/>
  <system-out/>
  <testcase classname="runner.MasterRunnerTest" name="runScenario" time="4.922"/>
  <system-out/>
</testsuite> <!-- runner.MasterRunnerTest -->
