<?xml version="1.0" encoding="UTF-8"?>
<!-- Generated by org.testng.reporters.JUnitReportReporter -->
<testsuite hostname="DESKTOP-G8BQMC1" failures="0" tests="1" name="runner.TransactionsRunnerTest" time="14.176" errors="0" timestamp="2022-07-20T19:41:38 WIB" skipped="0">
  <testcase classname="runner.TransactionsRunnerTest" name="runScenario" time="14.176"/>
  <system-out/>
</testsuite> <!-- runner.TransactionsRunnerTest -->
