<?xml version="1.0" encoding="UTF-8"?>
<!-- Generated by org.testng.reporters.JUnitReportReporter -->
<testsuite hostname="DESKTOP-G8BQMC1" failures="0" tests="4" name="runner.AuthRunnerTest" time="26.846" errors="0" timestamp="2022-07-19T20:29:29 WIB" skipped="0">
  <testcase classname="runner.AuthRunnerTest" name="runScenario" time="6.699"/>
  <system-out/>
  <testcase classname="runner.AuthRunnerTest" name="runScenario" time="7.810"/>
  <system-out/>
  <testcase classname="runner.AuthRunnerTest" name="runScenario" time="7.323"/>
  <system-out/>
  <testcase classname="runner.AuthRunnerTest" name="runScenario" time="5.014"/>
  <system-out/>
</testsuite> <!-- runner.AuthRunnerTest -->
